Added Component: Designator=C1(CAPC3216X229N)
Add component (AddParameter): Name = "Arrow Part Number"; Value = "1206DD106KAT2A"; VariantName = "[No Variations]"
Add component (AddParameter): Name = "Arrow Price/Stock"; Value = "https://www.arrow.com/en/products/1206dd106kat2a/avx"; VariantName = "[No Variations]"
Add component (AddParameter): Name = "Datasheet Link"; Value = "http://datasheets.avx.com/cx5r.pdf"; VariantName = "[No Variations]"
Add component (AddParameter): Name = "Height"; Value = "2.29mm"; VariantName = "[No Variations]"
Add component (AddParameter): Name = "Manufacturer_Name"; Value = "AVX"; VariantName = "[No Variations]"
Add component (AddParameter): Name = "Manufacturer_Part_Number"; Value = "1206DD106KAT2A"; VariantName = "[No Variations]"
Add component (AddParameter): Name = "Mouser Part Number"; Value = "581-1206DD106KAT2A"; VariantName = "[No Variations]"
Add component (AddParameter): Name = "Mouser Price/Stock"; Value = "https://www.mouser.co.uk/ProductDetail/AVX/1206DD106KAT2A?qs=lhAPX%252BE7qEb%2Fwkl82gv0Wg%3D%3D"; VariantName = "[No Variations]"
Added Component: Designator=C2(CAPC3216X229N)
Add component (AddParameter): Name = "Arrow Part Number"; Value = "1206DD106KAT2A"; VariantName = "[No Variations]"
Add component (AddParameter): Name = "Arrow Price/Stock"; Value = "https://www.arrow.com/en/products/1206dd106kat2a/avx"; VariantName = "[No Variations]"
Add component (AddParameter): Name = "Datasheet Link"; Value = "http://datasheets.avx.com/cx5r.pdf"; VariantName = "[No Variations]"
Add component (AddParameter): Name = "Height"; Value = "2.29mm"; VariantName = "[No Variations]"
Add component (AddParameter): Name = "Manufacturer_Name"; Value = "AVX"; VariantName = "[No Variations]"
Add component (AddParameter): Name = "Manufacturer_Part_Number"; Value = "1206DD106KAT2A"; VariantName = "[No Variations]"
Add component (AddParameter): Name = "Mouser Part Number"; Value = "581-1206DD106KAT2A"; VariantName = "[No Variations]"
Add component (AddParameter): Name = "Mouser Price/Stock"; Value = "https://www.mouser.co.uk/ProductDetail/AVX/1206DD106KAT2A?qs=lhAPX%252BE7qEb%2Fwkl82gv0Wg%3D%3D"; VariantName = "[No Variations]"
Added Component: Designator=C3(CAPC3216X229N)
Add component (AddParameter): Name = "Arrow Part Number"; Value = "1206DD106KAT2A"; VariantName = "[No Variations]"
Add component (AddParameter): Name = "Arrow Price/Stock"; Value = "https://www.arrow.com/en/products/1206dd106kat2a/avx"; VariantName = "[No Variations]"
Add component (AddParameter): Name = "Datasheet Link"; Value = "http://datasheets.avx.com/cx5r.pdf"; VariantName = "[No Variations]"
Add component (AddParameter): Name = "Height"; Value = "2.29mm"; VariantName = "[No Variations]"
Add component (AddParameter): Name = "Manufacturer_Name"; Value = "AVX"; VariantName = "[No Variations]"
Add component (AddParameter): Name = "Manufacturer_Part_Number"; Value = "1206DD106KAT2A"; VariantName = "[No Variations]"
Add component (AddParameter): Name = "Mouser Part Number"; Value = "581-1206DD106KAT2A"; VariantName = "[No Variations]"
Add component (AddParameter): Name = "Mouser Price/Stock"; Value = "https://www.mouser.co.uk/ProductDetail/AVX/1206DD106KAT2A?qs=lhAPX%252BE7qEb%2Fwkl82gv0Wg%3D%3D"; VariantName = "[No Variations]"
Added Component: Designator=C4(CAPC3216X229N)
Add component (AddParameter): Name = "Arrow Part Number"; Value = "1206DD106KAT2A"; VariantName = "[No Variations]"
Add component (AddParameter): Name = "Arrow Price/Stock"; Value = "https://www.arrow.com/en/products/1206dd106kat2a/avx"; VariantName = "[No Variations]"
Add component (AddParameter): Name = "Datasheet Link"; Value = "http://datasheets.avx.com/cx5r.pdf"; VariantName = "[No Variations]"
Add component (AddParameter): Name = "Height"; Value = "2.29mm"; VariantName = "[No Variations]"
Add component (AddParameter): Name = "Manufacturer_Name"; Value = "AVX"; VariantName = "[No Variations]"
Add component (AddParameter): Name = "Manufacturer_Part_Number"; Value = "1206DD106KAT2A"; VariantName = "[No Variations]"
Add component (AddParameter): Name = "Mouser Part Number"; Value = "581-1206DD106KAT2A"; VariantName = "[No Variations]"
Add component (AddParameter): Name = "Mouser Price/Stock"; Value = "https://www.mouser.co.uk/ProductDetail/AVX/1206DD106KAT2A?qs=lhAPX%252BE7qEb%2Fwkl82gv0Wg%3D%3D"; VariantName = "[No Variations]"
Added Component: Designator=C5(CAPC3216X229N)
Add component (AddParameter): Name = "Arrow Part Number"; Value = "1206DD106KAT2A"; VariantName = "[No Variations]"
Add component (AddParameter): Name = "Arrow Price/Stock"; Value = "https://www.arrow.com/en/products/1206dd106kat2a/avx"; VariantName = "[No Variations]"
Add component (AddParameter): Name = "Datasheet Link"; Value = "http://datasheets.avx.com/cx5r.pdf"; VariantName = "[No Variations]"
Add component (AddParameter): Name = "Height"; Value = "2.29mm"; VariantName = "[No Variations]"
Add component (AddParameter): Name = "Manufacturer_Name"; Value = "AVX"; VariantName = "[No Variations]"
Add component (AddParameter): Name = "Manufacturer_Part_Number"; Value = "1206DD106KAT2A"; VariantName = "[No Variations]"
Add component (AddParameter): Name = "Mouser Part Number"; Value = "581-1206DD106KAT2A"; VariantName = "[No Variations]"
Add component (AddParameter): Name = "Mouser Price/Stock"; Value = "https://www.mouser.co.uk/ProductDetail/AVX/1206DD106KAT2A?qs=lhAPX%252BE7qEb%2Fwkl82gv0Wg%3D%3D"; VariantName = "[No Variations]"
Added Component: Designator=C6(CAPC3216X229N)
Add component (AddParameter): Name = "Arrow Part Number"; Value = "1206DD106KAT2A"; VariantName = "[No Variations]"
Add component (AddParameter): Name = "Arrow Price/Stock"; Value = "https://www.arrow.com/en/products/1206dd106kat2a/avx"; VariantName = "[No Variations]"
Add component (AddParameter): Name = "Datasheet Link"; Value = "http://datasheets.avx.com/cx5r.pdf"; VariantName = "[No Variations]"
Add component (AddParameter): Name = "Height"; Value = "2.29mm"; VariantName = "[No Variations]"
Add component (AddParameter): Name = "Manufacturer_Name"; Value = "AVX"; VariantName = "[No Variations]"
Add component (AddParameter): Name = "Manufacturer_Part_Number"; Value = "1206DD106KAT2A"; VariantName = "[No Variations]"
Add component (AddParameter): Name = "Mouser Part Number"; Value = "581-1206DD106KAT2A"; VariantName = "[No Variations]"
Add component (AddParameter): Name = "Mouser Price/Stock"; Value = "https://www.mouser.co.uk/ProductDetail/AVX/1206DD106KAT2A?qs=lhAPX%252BE7qEb%2Fwkl82gv0Wg%3D%3D"; VariantName = "[No Variations]"
Added Component: Designator=C7(CAPC3216X229N)
Add component (AddParameter): Name = "Arrow Part Number"; Value = "1206DD106KAT2A"; VariantName = "[No Variations]"
Add component (AddParameter): Name = "Arrow Price/Stock"; Value = "https://www.arrow.com/en/products/1206dd106kat2a/avx"; VariantName = "[No Variations]"
Add component (AddParameter): Name = "Datasheet Link"; Value = "http://datasheets.avx.com/cx5r.pdf"; VariantName = "[No Variations]"
Add component (AddParameter): Name = "Height"; Value = "2.29mm"; VariantName = "[No Variations]"
Add component (AddParameter): Name = "Manufacturer_Name"; Value = "AVX"; VariantName = "[No Variations]"
Add component (AddParameter): Name = "Manufacturer_Part_Number"; Value = "1206DD106KAT2A"; VariantName = "[No Variations]"
Add component (AddParameter): Name = "Mouser Part Number"; Value = "581-1206DD106KAT2A"; VariantName = "[No Variations]"
Add component (AddParameter): Name = "Mouser Price/Stock"; Value = "https://www.mouser.co.uk/ProductDetail/AVX/1206DD106KAT2A?qs=lhAPX%252BE7qEb%2Fwkl82gv0Wg%3D%3D"; VariantName = "[No Variations]"
Added Component: Designator=C8(CAPC3216X229N)
Add component (AddParameter): Name = "Arrow Part Number"; Value = "1206DD106KAT2A"; VariantName = "[No Variations]"
Add component (AddParameter): Name = "Arrow Price/Stock"; Value = "https://www.arrow.com/en/products/1206dd106kat2a/avx"; VariantName = "[No Variations]"
Add component (AddParameter): Name = "Datasheet Link"; Value = "http://datasheets.avx.com/cx5r.pdf"; VariantName = "[No Variations]"
Add component (AddParameter): Name = "Height"; Value = "2.29mm"; VariantName = "[No Variations]"
Add component (AddParameter): Name = "Manufacturer_Name"; Value = "AVX"; VariantName = "[No Variations]"
Add component (AddParameter): Name = "Manufacturer_Part_Number"; Value = "1206DD106KAT2A"; VariantName = "[No Variations]"
Add component (AddParameter): Name = "Mouser Part Number"; Value = "581-1206DD106KAT2A"; VariantName = "[No Variations]"
Add component (AddParameter): Name = "Mouser Price/Stock"; Value = "https://www.mouser.co.uk/ProductDetail/AVX/1206DD106KAT2A?qs=lhAPX%252BE7qEb%2Fwkl82gv0Wg%3D%3D"; VariantName = "[No Variations]"
Added Component: Designator=IC1(QFP80P900X900X120-32N)
Add component (AddParameter): Name = "Arrow Part Number"; Value = "PCM2706PJT"; VariantName = "[No Variations]"
Add component (AddParameter): Name = "Arrow Price/Stock"; Value = "https://www.arrow.com/en/products/pcm2706pjt/texas-instruments?region=nac"; VariantName = "[No Variations]"
Add component (AddParameter): Name = "Datasheet Link"; Value = "http://www.ti.com/lit/gpn/pcm2706"; VariantName = "[No Variations]"
Add component (AddParameter): Name = "Height"; Value = "1.2mm"; VariantName = "[No Variations]"
Add component (AddParameter): Name = "Manufacturer_Name"; Value = "Texas Instruments"; VariantName = "[No Variations]"
Add component (AddParameter): Name = "Manufacturer_Part_Number"; Value = "PCM2706PJT"; VariantName = "[No Variations]"
Add component (AddParameter): Name = "Mouser Part Number"; Value = "595-PCM2706PJT"; VariantName = "[No Variations]"
Add component (AddParameter): Name = "Mouser Price/Stock"; Value = "https://www.mouser.co.uk/ProductDetail/Texas-Instruments/PCM2706PJT?qs=wgAEGBTxy7mjI4tusM1abw%3D%3D"; VariantName = "[No Variations]"
Added Component: Designator=J1(632723300011)
Add component (AddParameter): Name = "Arrow Part Number"; Value = ""; VariantName = "[No Variations]"
Add component (AddParameter): Name = "Arrow Price/Stock"; Value = ""; VariantName = "[No Variations]"
Add component (AddParameter): Name = "Datasheet Link"; Value = "http://katalog.we-online.de/em/datasheet/632723x00011.pdf"; VariantName = "[No Variations]"
Add component (AddParameter): Name = "Height"; Value = "2mm"; VariantName = "[No Variations]"
Add component (AddParameter): Name = "Manufacturer_Name"; Value = "Wurth Elektronik"; VariantName = "[No Variations]"
Add component (AddParameter): Name = "Manufacturer_Part_Number"; Value = "632723300011"; VariantName = "[No Variations]"
Add component (AddParameter): Name = "Mouser Part Number"; Value = "710-632723300011"; VariantName = "[No Variations]"
Add component (AddParameter): Name = "Mouser Price/Stock"; Value = "https://www.mouser.co.uk/ProductDetail/Wurth-Elektronik/632723300011?qs=NK6InXoXhq4%252B5eM1PePLPg%3D%3D"; VariantName = "[No Variations]"
Added Component: Designator=R1(RESC3116X65N)
Add component (AddParameter): Name = "Arrow Part Number"; Value = "RC1206FR-072K49L"; VariantName = "[No Variations]"
Add component (AddParameter): Name = "Arrow Price/Stock"; Value = "https://www.arrow.com/en/products/rc1206fr-072k49l/yageo?region=nac"; VariantName = "[No Variations]"
Add component (AddParameter): Name = "Datasheet Link"; Value = "https://www.yageo.com/upload/media/product/productsearch/datasheet/rchip/PYu-RC_Group_51_RoHS_L_10.pdf"; VariantName = "[No Variations]"
Add component (AddParameter): Name = "Height"; Value = "0.65mm"; VariantName = "[No Variations]"
Add component (AddParameter): Name = "Manufacturer_Name"; Value = "YAGEO (PHYCOMP)"; VariantName = "[No Variations]"
Add component (AddParameter): Name = "Manufacturer_Part_Number"; Value = "RC1206FR-072K49L"; VariantName = "[No Variations]"
Add component (AddParameter): Name = "Mouser Part Number"; Value = "603-RC1206FR-072K49L"; VariantName = "[No Variations]"
Add component (AddParameter): Name = "Mouser Price/Stock"; Value = "https://www.mouser.co.uk/ProductDetail/YAGEO/RC1206FR-072K49L?qs=fiyQ2z0a5enkp4BEXpmN7g%3D%3D"; VariantName = "[No Variations]"
Added Component: Designator=R2(RESC3116X65N)
Add component (AddParameter): Name = "Arrow Part Number"; Value = "RC1206FR-072K49L"; VariantName = "[No Variations]"
Add component (AddParameter): Name = "Arrow Price/Stock"; Value = "https://www.arrow.com/en/products/rc1206fr-072k49l/yageo?region=nac"; VariantName = "[No Variations]"
Add component (AddParameter): Name = "Datasheet Link"; Value = "https://www.yageo.com/upload/media/product/productsearch/datasheet/rchip/PYu-RC_Group_51_RoHS_L_10.pdf"; VariantName = "[No Variations]"
Add component (AddParameter): Name = "Height"; Value = "0.65mm"; VariantName = "[No Variations]"
Add component (AddParameter): Name = "Manufacturer_Name"; Value = "YAGEO (PHYCOMP)"; VariantName = "[No Variations]"
Add component (AddParameter): Name = "Manufacturer_Part_Number"; Value = "RC1206FR-072K49L"; VariantName = "[No Variations]"
Add component (AddParameter): Name = "Mouser Part Number"; Value = "603-RC1206FR-072K49L"; VariantName = "[No Variations]"
Add component (AddParameter): Name = "Mouser Price/Stock"; Value = "https://www.mouser.co.uk/ProductDetail/YAGEO/RC1206FR-072K49L?qs=fiyQ2z0a5enkp4BEXpmN7g%3D%3D"; VariantName = "[No Variations]"
Added Component: Designator=R3(RESC3116X65N)
Add component (AddParameter): Name = "Arrow Part Number"; Value = "RC1206FR-072K49L"; VariantName = "[No Variations]"
Add component (AddParameter): Name = "Arrow Price/Stock"; Value = "https://www.arrow.com/en/products/rc1206fr-072k49l/yageo?region=nac"; VariantName = "[No Variations]"
Add component (AddParameter): Name = "Datasheet Link"; Value = "https://www.yageo.com/upload/media/product/productsearch/datasheet/rchip/PYu-RC_Group_51_RoHS_L_10.pdf"; VariantName = "[No Variations]"
Add component (AddParameter): Name = "Height"; Value = "0.65mm"; VariantName = "[No Variations]"
Add component (AddParameter): Name = "Manufacturer_Name"; Value = "YAGEO (PHYCOMP)"; VariantName = "[No Variations]"
Add component (AddParameter): Name = "Manufacturer_Part_Number"; Value = "RC1206FR-072K49L"; VariantName = "[No Variations]"
Add component (AddParameter): Name = "Mouser Part Number"; Value = "603-RC1206FR-072K49L"; VariantName = "[No Variations]"
Add component (AddParameter): Name = "Mouser Price/Stock"; Value = "https://www.mouser.co.uk/ProductDetail/YAGEO/RC1206FR-072K49L?qs=fiyQ2z0a5enkp4BEXpmN7g%3D%3D"; VariantName = "[No Variations]"
Added Component: Designator=R4(RESC3116X65N)
Add component (AddParameter): Name = "Arrow Part Number"; Value = "RC1206FR-072K49L"; VariantName = "[No Variations]"
Add component (AddParameter): Name = "Arrow Price/Stock"; Value = "https://www.arrow.com/en/products/rc1206fr-072k49l/yageo?region=nac"; VariantName = "[No Variations]"
Add component (AddParameter): Name = "Datasheet Link"; Value = "https://www.yageo.com/upload/media/product/productsearch/datasheet/rchip/PYu-RC_Group_51_RoHS_L_10.pdf"; VariantName = "[No Variations]"
Add component (AddParameter): Name = "Height"; Value = "0.65mm"; VariantName = "[No Variations]"
Add component (AddParameter): Name = "Manufacturer_Name"; Value = "YAGEO (PHYCOMP)"; VariantName = "[No Variations]"
Add component (AddParameter): Name = "Manufacturer_Part_Number"; Value = "RC1206FR-072K49L"; VariantName = "[No Variations]"
Add component (AddParameter): Name = "Mouser Part Number"; Value = "603-RC1206FR-072K49L"; VariantName = "[No Variations]"
Add component (AddParameter): Name = "Mouser Price/Stock"; Value = "https://www.mouser.co.uk/ProductDetail/YAGEO/RC1206FR-072K49L?qs=fiyQ2z0a5enkp4BEXpmN7g%3D%3D"; VariantName = "[No Variations]"
Added Component: Designator=S1(35RAPC4BH3)
Add component (AddParameter): Name = "Arrow Part Number"; Value = "35RAPC4BH3"; VariantName = "[No Variations]"
Add component (AddParameter): Name = "Arrow Price/Stock"; Value = "https://www.arrow.com/en/products/35rapc4bh3/switchcraft"; VariantName = "[No Variations]"
Add component (AddParameter): Name = "Datasheet Link"; Value = "http://www.switchcraft.com/Drawings/35rapc__h3_cd.pdf"; VariantName = "[No Variations]"
Add component (AddParameter): Name = "Height"; Value = "6mm"; VariantName = "[No Variations]"
Add component (AddParameter): Name = "Manufacturer_Name"; Value = "Switchcraft"; VariantName = "[No Variations]"
Add component (AddParameter): Name = "Manufacturer_Part_Number"; Value = "35RAPC4BH3"; VariantName = "[No Variations]"
Add component (AddParameter): Name = "Mouser Part Number"; Value = "502-35RAPC4BH3"; VariantName = "[No Variations]"
Add component (AddParameter): Name = "Mouser Price/Stock"; Value = "https://www.mouser.co.uk/ProductDetail/Switchcraft/35RAPC4BH3?qs=I3kMT7EEIOWFGyk5rynRAQ%3D%3D"; VariantName = "[No Variations]"
Added Component: Designator=Y1(XRCGB24M000F2P00R0)
Add component (AddParameter): Name = "Arrow Part Number"; Value = "XRCGB24M000F2P00R0"; VariantName = "[No Variations]"
Add component (AddParameter): Name = "Arrow Price/Stock"; Value = "https://www.arrow.com/en/products/xrcgb24m000f2p00r0/murata-manufacturing"; VariantName = "[No Variations]"
Add component (AddParameter): Name = "Datasheet Link"; Value = "https://www.murata.com/products/productdata/8801075560478/SPEC-XRCGB24M000F2P00R0.pdf?1541043009000"; VariantName = "[No Variations]"
Add component (AddParameter): Name = "Height"; Value = "0.7mm"; VariantName = "[No Variations]"
Add component (AddParameter): Name = "Manufacturer_Name"; Value = "Murata Electronics"; VariantName = "[No Variations]"
Add component (AddParameter): Name = "Manufacturer_Part_Number"; Value = "XRCGB24M000F2P00R0"; VariantName = "[No Variations]"
Add component (AddParameter): Name = "Mouser Part Number"; Value = "81-XRCGB24M000F2P0R0"; VariantName = "[No Variations]"
Add component (AddParameter): Name = "Mouser Price/Stock"; Value = "https://www.mouser.com/Search/Refine.aspx?Keyword=81-XRCGB24M000F2P0R0"; VariantName = "[No Variations]"
Added Pin To Net: NetName=NetC1_1 Pin=C1-1
Added Pin To Net: NetName=GND Pin=C1-2
Added Pin To Net: NetName=GND Pin=C2-1
Added Pin To Net: NetName=NetC2_2 Pin=C2-2
Added Pin To Net: NetName=GND Pin=C3-1
Added Pin To Net: NetName=VCC Pin=C3-2
Added Pin To Net: NetName=GND Pin=C4-1
Added Pin To Net: NetName=NetC4_2 Pin=C4-2
Added Pin To Net: NetName=NetC5_1 Pin=C5-1
Added Pin To Net: NetName=GND Pin=C5-2
Added Pin To Net: NetName=NetC6_1 Pin=C6-1
Added Pin To Net: NetName=VDD Pin=C6-2
Added Pin To Net: NetName=GND Pin=C7-1
Added Pin To Net: NetName=NetC7_2 Pin=C7-2
Added Pin To Net: NetName=GND Pin=C8-1
Added Pin To Net: NetName=NetC8_2 Pin=C8-2
Added Pin To Net: NetName=GND Pin=IC1-1
Added Pin To Net: NetName=NetC5_1 Pin=IC1-2
Added Pin To Net: NetName=VDD Pin=IC1-9
Added Pin To Net: NetName=VDD Pin=IC1-10
Added Pin To Net: NetName=GND Pin=IC1-11
Added Pin To Net: NetName=NetC7_2 Pin=IC1-12
Added Pin To Net: NetName=NetC8_2 Pin=IC1-13
Added Pin To Net: NetName=NetIC1_15 Pin=IC1-15
Added Pin To Net: NetName=VDD Pin=IC1-16
Added Pin To Net: NetName=GND Pin=IC1-17
Added Pin To Net: NetName=NetC6_1 Pin=IC1-20
Added Pin To Net: NetName=VDD Pin=IC1-21
Added Pin To Net: NetName=NetIC1_22 Pin=IC1-22
Added Pin To Net: NetName=NetIC1_23 Pin=IC1-23
Added Pin To Net: NetName=VCC Pin=IC1-24
Added Pin To Net: NetName=GND Pin=IC1-25
Added Pin To Net: NetName=GND Pin=IC1-26
Added Pin To Net: NetName=NetC2_2 Pin=IC1-27
Added Pin To Net: NetName=NetIC1_28 Pin=IC1-28
Added Pin To Net: NetName=NetIC1_29 Pin=IC1-29
Added Pin To Net: NetName=NetC1_1 Pin=IC1-30
Added Pin To Net: NetName=GND Pin=IC1-31
Added Pin To Net: NetName=NetC4_2 Pin=IC1-32
Added Pin To Net: NetName=GND Pin=J1-A1
Added Pin To Net: NetName=VCC Pin=J1-A4
Added Pin To Net: NetName=NetJ1_A6 Pin=J1-A6
Added Pin To Net: NetName=NetJ1_A7 Pin=J1-A7
Added Pin To Net: NetName=VCC Pin=J1-A9
Added Pin To Net: NetName=GND Pin=J1-A12
Added Pin To Net: NetName=GND Pin=J1-B1
Added Pin To Net: NetName=VCC Pin=J1-B4
Added Pin To Net: NetName=NetJ1_A6 Pin=J1-B6
Added Pin To Net: NetName=NetJ1_A7 Pin=J1-B7
Added Pin To Net: NetName=VCC Pin=J1-B9
Added Pin To Net: NetName=GND Pin=J1-B12
Added Pin To Net: NetName=NetIC1_23 Pin=R1-1
Added Pin To Net: NetName=NetJ1_A6 Pin=R1-2
Added Pin To Net: NetName=NetIC1_22 Pin=R2-1
Added Pin To Net: NetName=NetJ1_A7 Pin=R2-2
Added Pin To Net: NetName=NetIC1_15 Pin=R3-1
Added Pin To Net: NetName=VDD Pin=R3-2
Added Pin To Net: NetName=NetC7_2 Pin=R4-1
Added Pin To Net: NetName=NetC8_2 Pin=R4-2
Added Pin To Net: NetName=GND Pin=S1-1
Added Pin To Net: NetName=NetIC1_29 Pin=S1-3
Added Pin To Net: NetName=NetIC1_28 Pin=S1-5
Added Pin To Net: NetName=NetC7_2 Pin=Y1-1
Added Pin To Net: NetName=NetC8_2 Pin=Y1-3
Added Member To Class: ClassName=PCM2706 Member=Component C1 1uF
Added Member To Class: ClassName=PCM2706 Member=Component C2 1uF
Added Member To Class: ClassName=PCM2706 Member=Component C3 1uF
Added Member To Class: ClassName=PCM2706 Member=Component C4 10uF
Added Member To Class: ClassName=PCM2706 Member=Component C5 1uF
Added Member To Class: ClassName=PCM2706 Member=Component C6 1uF
Added Member To Class: ClassName=PCM2706 Member=Component C7 10pF
Added Member To Class: ClassName=PCM2706 Member=Component C8 10pF
Added Member To Class: ClassName=PCM2706 Member=Component IC1 PCM2706PJT
Added Member To Class: ClassName=PCM2706 Member=Component J1 TypeC
Added Member To Class: ClassName=PCM2706 Member=Component R1 22
Added Member To Class: ClassName=PCM2706 Member=Component R2 22
Added Member To Class: ClassName=PCM2706 Member=Component R3 1.5k
Added Member To Class: ClassName=PCM2706 Member=Component R4 1M
Added Member To Class: ClassName=PCM2706 Member=Component S1 35RAPC4BH3
Added Member To Class: ClassName=PCM2706 Member=Component Y1 12M
Added Room: Name=PCM2706
